

***********************************************************************
Fatal NI connect error 12535, connecting to:
 (DESCRIPTION=(ADDRESS=(PROTOCOL=TCP)(HOST=10.224.130.52)(PORT=1521))(CONNECT_DATA=(SERVICE_NAME=BTSSFC)(CID=(PROGRAM=D:\vsspace\WechatReport\WechatReport\bin\Debug\WechatReport.vshost.exe)(HOST=A63FTEA0239969)(USER=A0239969))))

  VERSION INFORMATION:
	TNS for 32-bit Windows: Version 9.2.0.1.0 - Production
	Windows NT TCP/IP NT Protocol Adapter for 32-bit Windows: Version 9.2.0.1.0 - Production
  Time: 19-12§Î-2019 11:14:16
  Tracing not turned on.
  Tns error struct:
    nr err code: 0
    ns main err code: 12535
    TNS-12535: TNS:operation timed out
    ns secondary err code: 12560
    nt main err code: 505
    TNS-00505: Operation timed out
    nt secondary err code: 60
    nt OS err code: 0


***********************************************************************
Fatal NI connect error 12560, connecting to:
 (DESCRIPTION=(ADDRESS=(PROTOCOL=TCP)(HOST=10.117.0.31)(PORT=1521))(CONNECT_DATA=(SERVICE_NAME=SFC)(CID=(PROGRAM=D:\vsspace\WechatReport\WechatReport\bin\Debug\WechatReport.vshost.exe)(HOST=A63FBTSA0239969)(USER=Administrator))))

  VERSION INFORMATION:
	TNS for 32-bit Windows: Version 9.2.0.1.0 - Production
	Windows NT TCP/IP NT Protocol Adapter for 32-bit Windows: Version 9.2.0.1.0 - Production
  Time: 12-5‘¬ -2020 10:57:31
  Tracing not turned on.
  Tns error struct:
    nr err code: 0
    ns main err code: 12560
    TNS-12560: TNS: –≠“È  ≈‰∆˜¥ÌŒÛ
    ns secondary err code: 0
    nt main err code: 538
    TNS-00538: Message 538 not found;  product=NETWORK; facility=TNS

    nt secondary err code: 65
    nt OS err code: 0


***********************************************************************
Fatal NI connect error 12560, connecting to:
 (DESCRIPTION=(ADDRESS=(PROTOCOL=TCP)(HOST=10.117.0.31)(PORT=1521))(CONNECT_DATA=(SERVICE_NAME=SFC)(CID=(PROGRAM=D:\vsspace\WechatReport\WechatReport\bin\Debug\WechatReport.vshost.exe)(HOST=A63FBTSA0239969)(USER=Administrator))))

  VERSION INFORMATION:
	TNS for 32-bit Windows: Version 9.2.0.1.0 - Production
	Windows NT TCP/IP NT Protocol Adapter for 32-bit Windows: Version 9.2.0.1.0 - Production
  Time: 12-5‘¬ -2020 10:57:46
  Tracing not turned on.
  Tns error struct:
    nr err code: 0
    ns main err code: 12560
    TNS-12560: TNS: –≠“È  ≈‰∆˜¥ÌŒÛ
    ns secondary err code: 0
    nt main err code: 538
    TNS-00538: Message 538 not found;  product=NETWORK; facility=TNS

    nt secondary err code: 65
    nt OS err code: 0


***********************************************************************
Fatal NI connect error 12514, connecting to:
 (DESCRIPTION=(ADDRESS=(PROTOCOL=TCP)(HOST=10.224.134.113)(PORT=1521))(CONNECT_DATA=(SERVICE_NAME=VNAP)(CID=(PROGRAM=D:\Wechat\wechat\WechatReport\WechatReport\bin\Debug\WechatReport.exe)(HOST=V0991291-IT)(USER=Administrator))))

  VERSION INFORMATION:
	TNS for 32-bit Windows: Version 9.2.0.1.0 - Production
	Windows NT TCP/IP NT Protocol Adapter for 32-bit Windows: Version 9.2.0.1.0 - Production
  Time: 23-1§Î -2021 13:44:36
  Tracing not turned on.
  Tns error struct:
    nr err code: 0
    ns main err code: 12564
    TNS-12564: TNS:≥sΩu≥Q©⁄
    ns secondary err code: 0
    nt main err code: 0
    nt secondary err code: 0
    nt OS err code: 0


***********************************************************************
Fatal NI connect error 12514, connecting to:
 (DESCRIPTION=(ADDRESS=(PROTOCOL=TCP)(HOST=10.224.134.113)(PORT=1521))(CONNECT_DATA=(SERVICE_NAME=VNAP)(CID=(PROGRAM=D:\Wechat\wechat\WechatReport\WechatReport\bin\Debug\WechatReport.exe)(HOST=V0991291-IT)(USER=Administrator))))

  VERSION INFORMATION:
	TNS for 32-bit Windows: Version 9.2.0.1.0 - Production
	Windows NT TCP/IP NT Protocol Adapter for 32-bit Windows: Version 9.2.0.1.0 - Production
  Time: 23-1§Î -2021 13:46:42
  Tracing not turned on.
  Tns error struct:
    nr err code: 0
    ns main err code: 12564
    TNS-12564: TNS:≥sΩu≥Q©⁄
    ns secondary err code: 0
    nt main err code: 0
    nt secondary err code: 0
    nt OS err code: 0
